<?xml version="1.0" encoding="UTF-8"?>
<!-- Generated by org.testng.reporters.JUnitReportReporter -->
<testsuite hostname="TPE64" failures="0" tests="1" name="Baselaunch.Base_launch" time="9.855" errors="0" timestamp="2022-01-07T15:48:50 IST" skipped="0">
  <testcase classname="Baselaunch.Base_launch" name="setUp" time="9.855"/>
  <system-out/>
</testsuite> <!-- Baselaunch.Base_launch -->
